<?xml version="1.0" encoding="UTF-8"?>
<!-- Generated by org.testng.reporters.JUnitXMLReporter -->
<testsuite ignored="1" hostname="DESKTOP-9ETLQV3" failures="1" tests="2" name="Test1" time="0.025" errors="0" timestamp="2021-11-01T10:54:14 EET">
  <testcase classname="tests.A29_GenerateReport" name="testMethod1" time="0.003"/>
  <testcase classname="tests.A29_GenerateReport" name="testMethod2" time="0.004">
    <failure type="java.lang.AssertionError" message="The following asserts failed:
	null">
      <![CDATA[java.lang.AssertionError: The following asserts failed:
null
at tests.A29_GenerateReport.testMethod2(A29_GenerateReport.java:31)
at java.base/java.util.ArrayList.forEach(ArrayList.java:1511)
... Removed 29 stack frames]]>
    </failure>
  </testcase> <!-- testMethod2 -->
  <testcase classname="tests.A29_GenerateReport" name="testMethod3" time="0.0">
    <ignored/>
  </testcase> <!-- testMethod3 -->
</testsuite> <!-- Test1 -->
